[debug] [2021-10-11T09:23:44.644Z] ----------------------------------------------------------------------
[debug] [2021-10-11T09:23:44.646Z] Command:       C:\Program Files\nodejs\node.exe C:\Users\Hari Shyam\AppData\Roaming\npm\node_modules\firebase-tools\lib\bin\firebase.js deploy
[debug] [2021-10-11T09:23:44.646Z] CLI Version:   9.3.0
[debug] [2021-10-11T09:23:44.646Z] Platform:      win32
[debug] [2021-10-11T09:23:44.646Z] Node Version:  v14.17.6
[debug] [2021-10-11T09:23:44.652Z] Time:          Mon Oct 11 2021 14:53:44 GMT+0530 (India Standard Time)
[debug] [2021-10-11T09:23:44.652Z] ----------------------------------------------------------------------
[debug] [2021-10-11T09:23:44.652Z] 
[debug] [2021-10-11T09:23:44.656Z] >>> [apiv2][query] GET https://firebase-public.firebaseio.com/cli.json [none]
[debug] [2021-10-11T09:23:44.678Z] > command requires scopes: ["email","openid","https://www.googleapis.com/auth/cloudplatformprojects.readonly","https://www.googleapis.com/auth/firebase","https://www.googleapis.com/auth/cloud-platform"]
[debug] [2021-10-11T09:23:44.678Z] > authorizing via signed-in user
[debug] [2021-10-11T09:23:44.678Z] [iam] checking project sai-chamois-c2cc9 for permissions ["firebase.projects.get","firebasehosting.sites.update"]
[debug] [2021-10-11T09:23:44.680Z] > refreshing access token with scopes: ["email","https://www.googleapis.com/auth/cloud-platform","https://www.googleapis.com/auth/cloudplatformprojects.readonly","https://www.googleapis.com/auth/firebase","openid"]
[debug] [2021-10-11T09:23:44.681Z] >>> HTTP REQUEST POST https://www.googleapis.com/oauth2/v3/token  
 <request body omitted>
[debug] [2021-10-11T09:23:44.830Z] <<< HTTP RESPONSE 200 {"cache-control":"no-cache, no-store, max-age=0, must-revalidate","expires":"Mon, 01 Jan 1990 00:00:00 GMT","date":"Mon, 11 Oct 2021 09:23:45 GMT","pragma":"no-cache","content-type":"application/json; charset=utf-8","vary":"X-Origin, Referer, Origin,Accept-Encoding","server":"scaffolding on HTTPServer2","x-xss-protection":"0","x-frame-options":"SAMEORIGIN","x-content-type-options":"nosniff","alt-svc":"h3=\":443\"; ma=2592000,h3-29=\":443\"; ma=2592000,h3-T051=\":443\"; ma=2592000,h3-Q050=\":443\"; ma=2592000,h3-Q046=\":443\"; ma=2592000,h3-Q043=\":443\"; ma=2592000,quic=\":443\"; ma=2592000; v=\"46,43\"","accept-ranges":"none","transfer-encoding":"chunked"}
[debug] [2021-10-11T09:23:44.841Z] >>> HTTP REQUEST POST https://cloudresourcemanager.googleapis.com/v1/projects/sai-chamois-c2cc9:testIamPermissions  
 {"permissions":["firebase.projects.get","firebasehosting.sites.update"]}
[debug] [2021-10-11T09:23:45.486Z] <<< [apiv2][status] GET https://firebase-public.firebaseio.com/cli.json 200
[debug] [2021-10-11T09:23:45.486Z] <<< [apiv2][body] GET https://firebase-public.firebaseio.com/cli.json {"cloudBuildErrorAfter":1594252800000,"cloudBuildWarnAfter":1590019200000,"defaultNode10After":1594252800000,"minVersion":"3.0.5","node8DeploysDisabledAfter":1613390400000,"node8RuntimeDisabledAfter":1615809600000,"node8WarnAfter":1600128000000}
[debug] [2021-10-11T09:23:46.140Z] <<< HTTP RESPONSE 200 {"content-type":"application/json; charset=UTF-8","vary":"X-Origin, Referer, Origin,Accept-Encoding","date":"Mon, 11 Oct 2021 09:23:46 GMT","server":"ESF","cache-control":"private","x-xss-protection":"0","x-frame-options":"SAMEORIGIN","x-content-type-options":"nosniff","server-timing":"gfet4t7; dur=1240","alt-svc":"h3=\":443\"; ma=2592000,h3-29=\":443\"; ma=2592000,h3-T051=\":443\"; ma=2592000,h3-Q050=\":443\"; ma=2592000,h3-Q046=\":443\"; ma=2592000,h3-Q043=\":443\"; ma=2592000,quic=\":443\"; ma=2592000; v=\"46,43\"","accept-ranges":"none","transfer-encoding":"chunked"}
[debug] [2021-10-11T09:23:46.140Z] [iam] error while checking permissions, command may fail: FirebaseError: Authorization failed. This account is missing the following required permissions on project sai-chamois-c2cc9:

  firebase.projects.get
  firebasehosting.sites.update
[debug] [2021-10-11T09:23:46.141Z] > refreshing access token with scopes: []
[debug] [2021-10-11T09:23:46.141Z] >>> HTTP REQUEST POST https://www.googleapis.com/oauth2/v3/token  
 <request body omitted>
[debug] [2021-10-11T09:23:46.270Z] <<< HTTP RESPONSE 200 {"cache-control":"no-cache, no-store, max-age=0, must-revalidate","pragma":"no-cache","expires":"Mon, 01 Jan 1990 00:00:00 GMT","date":"Mon, 11 Oct 2021 09:23:46 GMT","content-type":"application/json; charset=utf-8","vary":"X-Origin, Referer, Origin,Accept-Encoding","server":"scaffolding on HTTPServer2","x-xss-protection":"0","x-frame-options":"SAMEORIGIN","x-content-type-options":"nosniff","alt-svc":"h3=\":443\"; ma=2592000,h3-29=\":443\"; ma=2592000,h3-T051=\":443\"; ma=2592000,h3-Q050=\":443\"; ma=2592000,h3-Q046=\":443\"; ma=2592000,h3-Q043=\":443\"; ma=2592000,quic=\":443\"; ma=2592000; v=\"46,43\"","accept-ranges":"none","transfer-encoding":"chunked"}
[debug] [2021-10-11T09:23:46.276Z] >>> [apiv2][query] GET https://firebase.googleapis.com/v1beta1/projects/sai-chamois-c2cc9 [none]
[debug] [2021-10-11T09:23:46.829Z] <<< [apiv2][status] GET https://firebase.googleapis.com/v1beta1/projects/sai-chamois-c2cc9 403
[debug] [2021-10-11T09:23:46.829Z] <<< [apiv2][body] GET https://firebase.googleapis.com/v1beta1/projects/sai-chamois-c2cc9 {"error":{"code":403,"message":"The caller does not have permission","status":"PERMISSION_DENIED"}}
[debug] [2021-10-11T09:23:46.830Z] HTTP Error: 403, The caller does not have permission
[debug] [2021-10-11T09:23:46.831Z] FirebaseError: HTTP Error: 403, The caller does not have permission
    at module.exports (C:\Users\Hari Shyam\AppData\Roaming\npm\node_modules\firebase-tools\lib\responseToError.js:38:12)
    at Client.doRequest (C:\Users\Hari Shyam\AppData\Roaming\npm\node_modules\firebase-tools\lib\apiv2.js:227:23)
    at processTicksAndRejections (internal/process/task_queues.js:95:5)
    at async Client.request (C:\Users\Hari Shyam\AppData\Roaming\npm\node_modules\firebase-tools\lib\apiv2.js:93:20)
    at async Object.getFirebaseProject (C:\Users\Hari Shyam\AppData\Roaming\npm\node_modules\firebase-tools\lib\management\projects.js:289:21)
    at async Object.getDefaultHostingSite (C:\Users\Hari Shyam\AppData\Roaming\npm\node_modules\firebase-tools\lib\getDefaultHostingSite.js:8:21)
    at async requireHostingSite (C:\Users\Hari Shyam\AppData\Roaming\npm\node_modules\firebase-tools\lib\requireHostingSite.js:9:18)
    at async Object.fn (C:\Users\Hari Shyam\AppData\Roaming\npm\node_modules\firebase-tools\lib\commands\deploy.js:66:9)
    at async C:\Users\Hari Shyam\AppData\Roaming\npm\node_modules\firebase-tools\lib\command.js:161:17
[error] 
[error] Error: Failed to get Firebase project sai-chamois-c2cc9. Please make sure the project exists and your account has permission to access it.
